%!Adobe-FontList 1.23
%Locale:0x409

%BeginFont
Handler:DirectoryHandler
FontType:Type1
FontName:MinionPro-Regular
FamilyName:Minion Pro
StyleName:Regular
FullName:Minion Pro
MenuName:Minion Pro
StyleBits:0
WritingScript:Roman
OutlineFileName:\\vmfilesrv\fs\Global Corporate Affairs\CommunicationServices\GRAFICI\CORPORATE\002_SYT BIOLOGICALS\00_new Brand\corporate materials\SYN_Email_Signature\graphics\Document fonts\MinionPro-Regular.otf
DataFormat:sfntData
UsesStandardEncoding:yes
isCFF:yes
hasSVG:no
hasCOLR:no
VariableFontType:NonVariableFont
FileLength:217280
FileModTime:1689085485
WeightClass:400
WidthClass:5
AngleClass:0
DesignSize:110
NameArray:0,Mac,4,Minion Pro
NameArray:0,Win,1,Minion Pro
%EndFont

%BeginFont
Handler:DirectoryHandler
FontType:TrueType
FontName:Poppins-Regular
FamilyName:Poppins
StyleName:Regular
FullName:Poppins Regular
MenuName:Poppins
StyleBits:0
WritingScript:Roman
OutlineFileName:\\vmfilesrv\fs\Global Corporate Affairs\CommunicationServices\GRAFICI\CORPORATE\002_SYT BIOLOGICALS\00_new Brand\corporate materials\SYN_Email_Signature\graphics\Document fonts\Poppins-Regular.ttf
DataFormat:sfntData
hasSVG:no
hasCOLR:no
VariableFontType:NonVariableFont
FileLength:158192
FileModTime:1689085485
WeightClass:400
WidthClass:5
AngleClass:0
NameArray:0,Win,1,Poppins
%EndFont

